<?xml version="1.0" encoding="UTF-8"?>
<!-- Generated by org.testng.reporters.JUnitXMLReporter -->
<testsuite hostname="DESKTOP-5V96AT9" name="Default test" tests="4" failures="0" timestamp="19 Nov 2019 11:34:59 GMT" time="46.113" errors="0">
  <testcase name="addNewCustomer" time="10.372" classname="com.AS.testcases.AddCustomer"/>
  <testcase name="addNewCustomer" time="10.089" classname="com.AS.testcases.AddCustomer"/>
  <testcase name="addNewCustomer" time="10.049" classname="com.AS.testcases.AddCustomer"/>
  <testcase name="addNewCustomer" time="10.068" classname="com.AS.testcases.AddCustomer"/>
</testsuite> <!-- Default test -->
