<?xml version="1.0" encoding="UTF-8"?>
<!-- Generated by org.testng.reporters.JUnitXMLReporter -->
<testsuite hostname="DESKTOP-5V96AT9" name="Test" tests="6" failures="1" timestamp="25 Nov 2019 09:20:38 GMT" time="46.139" errors="0">
  <testcase name="Login" time="5.404" classname="com.AS.testcases.BankManagerLogin"/>
  <testcase name="addNewCustomer" time="4.216" classname="com.AS.testcases.AddCustomer"/>
  <testcase name="addNewCustomer" time="0.763" classname="com.AS.testcases.AddCustomer"/>
  <testcase name="addNewCustomer" time="0.718" classname="com.AS.testcases.AddCustomer"/>
  <testcase name="addNewCustomer" time="0.807" classname="com.AS.testcases.AddCustomer"/>
  <testcase name="openAccount" time="9.683" classname="com.AS.testcases.OpenAccount">
    <failure type="java.lang.NullPointerException">
      <![CDATA[java.lang.NullPointerException
	at com.AS.testcases.OpenAccount.openAccount(OpenAccount.java:32)
... Removed 24 stack frames]]>
    </failure>
  </testcase> <!-- openAccount -->
</testsuite> <!-- Test -->
